<?xml version="1.0" encoding="UTF-8"?>
<!-- Generated by org.testng.reporters.JUnitReportReporter -->
<testsuite hostname="immaculee-HP-EliteBook-840-G3" failures="0" tests="1" name="fr.lernejo.navy_battle.LauncherTest" time="0.032" errors="0" timestamp="2022-03-30T19:37:35 CEST" skipped="0">
  <testcase classname="fr.lernejo.navy_battle.LauncherTest" name="Launcher1" time="0.032"/>
  <system-out/>
</testsuite> <!-- fr.lernejo.navy_battle.LauncherTest -->
